[0.007s] Invoking command in '/home/ros_user/ros2_ws/src/build/my_launch': CMAKE_PREFIX_PATH=${CMAKE_PREFIX_PATH}:/home/ros_user/ros2_ws/install/sensordatareader:/home/ros_user/ros2_ws/install/ros2_course:/home/ros_user/ros2_ws/install/my_teleop:/home/ros_user/doosan2_ws/install/dsr_example2_py:/opt/ros/foxy /usr/bin/cmake /home/ros_user/ros2_ws/src/my_launch -DCMAKE_INSTALL_PREFIX=/home/ros_user/ros2_ws/src/install/my_launch
[0.096s] -- The C compiler identification is GNU 9.4.0
[0.167s] -- The CXX compiler identification is GNU 9.4.0
[0.170s] -- Check for working C compiler: /usr/bin/cc
[0.200s] -- Check for working C compiler: /usr/bin/cc -- works
[0.204s] -- Detecting C compiler ABI info
[0.232s] -- Detecting C compiler ABI info - done
[0.237s] -- Detecting C compile features
[0.237s] -- Detecting C compile features - done
[0.239s] -- Check for working CXX compiler: /usr/bin/c++
[0.273s] -- Check for working CXX compiler: /usr/bin/c++ -- works
[0.274s] -- Detecting CXX compiler ABI info
[0.309s] -- Detecting CXX compiler ABI info - done
[0.314s] -- Detecting CXX compile features
[0.314s] -- Detecting CXX compile features - done
[0.318s] -- Found ament_cmake: 0.9.11 (/opt/ros/foxy/share/ament_cmake/cmake)
[0.335s] -- Found PythonInterp: /usr/bin/python3 (found suitable version "3.8.10", minimum required is "3") 
[0.335s] -- Using PYTHON_EXECUTABLE: /usr/bin/python3
[0.437s] -- Found ament_lint_auto: 0.9.7 (/opt/ros/foxy/share/ament_lint_auto/cmake)
[0.478s] -- Added test 'copyright' to check source files copyright and LICENSE
[0.479s] -- Added test 'flake8' to check Python code syntax and style conventions
[0.479s] -- Added test 'lint_cmake' to check CMake code style
[0.480s] -- Added test 'pep257' to check Python code against some of the style conventions in PEP 257
[0.480s] -- Added test 'xmllint' to check XML markup files
[0.482s] -- Configuring done
[0.483s] -- Generating done
[0.483s] -- Build files have been written to: /home/ros_user/ros2_ws/src/build/my_launch
[0.484s] Invoked command in '/home/ros_user/ros2_ws/src/build/my_launch' returned '0': CMAKE_PREFIX_PATH=${CMAKE_PREFIX_PATH}:/home/ros_user/ros2_ws/install/sensordatareader:/home/ros_user/ros2_ws/install/ros2_course:/home/ros_user/ros2_ws/install/my_teleop:/home/ros_user/doosan2_ws/install/dsr_example2_py:/opt/ros/foxy /usr/bin/cmake /home/ros_user/ros2_ws/src/my_launch -DCMAKE_INSTALL_PREFIX=/home/ros_user/ros2_ws/src/install/my_launch
[0.485s] Invoking command in '/home/ros_user/ros2_ws/src/build/my_launch': CMAKE_PREFIX_PATH=${CMAKE_PREFIX_PATH}:/home/ros_user/ros2_ws/install/sensordatareader:/home/ros_user/ros2_ws/install/ros2_course:/home/ros_user/ros2_ws/install/my_teleop:/home/ros_user/doosan2_ws/install/dsr_example2_py:/opt/ros/foxy /usr/bin/cmake --build /home/ros_user/ros2_ws/src/build/my_launch -- -j4 -l4
[0.504s] Invoked command in '/home/ros_user/ros2_ws/src/build/my_launch' returned '0': CMAKE_PREFIX_PATH=${CMAKE_PREFIX_PATH}:/home/ros_user/ros2_ws/install/sensordatareader:/home/ros_user/ros2_ws/install/ros2_course:/home/ros_user/ros2_ws/install/my_teleop:/home/ros_user/doosan2_ws/install/dsr_example2_py:/opt/ros/foxy /usr/bin/cmake --build /home/ros_user/ros2_ws/src/build/my_launch -- -j4 -l4
[0.519s] Invoking command in '/home/ros_user/ros2_ws/src/build/my_launch': CMAKE_PREFIX_PATH=${CMAKE_PREFIX_PATH}:/home/ros_user/ros2_ws/install/sensordatareader:/home/ros_user/ros2_ws/install/ros2_course:/home/ros_user/ros2_ws/install/my_teleop:/home/ros_user/doosan2_ws/install/dsr_example2_py:/opt/ros/foxy /usr/bin/cmake --install /home/ros_user/ros2_ws/src/build/my_launch
[0.522s] -- Install configuration: ""
[0.523s] -- Installing: /home/ros_user/ros2_ws/src/install/my_launch/share/ament_index/resource_index/package_run_dependencies/my_launch
[0.523s] -- Installing: /home/ros_user/ros2_ws/src/install/my_launch/share/ament_index/resource_index/parent_prefix_path/my_launch
[0.523s] -- Installing: /home/ros_user/ros2_ws/src/install/my_launch/share/my_launch/environment/ament_prefix_path.sh
[0.523s] -- Installing: /home/ros_user/ros2_ws/src/install/my_launch/share/my_launch/environment/ament_prefix_path.dsv
[0.523s] -- Installing: /home/ros_user/ros2_ws/src/install/my_launch/share/my_launch/environment/path.sh
[0.523s] -- Installing: /home/ros_user/ros2_ws/src/install/my_launch/share/my_launch/environment/path.dsv
[0.523s] -- Installing: /home/ros_user/ros2_ws/src/install/my_launch/share/my_launch/local_setup.bash
[0.523s] -- Installing: /home/ros_user/ros2_ws/src/install/my_launch/share/my_launch/local_setup.sh
[0.523s] -- Installing: /home/ros_user/ros2_ws/src/install/my_launch/share/my_launch/local_setup.zsh
[0.523s] -- Installing: /home/ros_user/ros2_ws/src/install/my_launch/share/my_launch/local_setup.dsv
[0.523s] -- Installing: /home/ros_user/ros2_ws/src/install/my_launch/share/my_launch/package.dsv
[0.523s] -- Installing: /home/ros_user/ros2_ws/src/install/my_launch/share/ament_index/resource_index/packages/my_launch
[0.523s] -- Installing: /home/ros_user/ros2_ws/src/install/my_launch/share/my_launch/cmake/my_launchConfig.cmake
[0.523s] -- Installing: /home/ros_user/ros2_ws/src/install/my_launch/share/my_launch/cmake/my_launchConfig-version.cmake
[0.523s] -- Installing: /home/ros_user/ros2_ws/src/install/my_launch/share/my_launch/package.xml
[0.525s] Invoked command in '/home/ros_user/ros2_ws/src/build/my_launch' returned '0': CMAKE_PREFIX_PATH=${CMAKE_PREFIX_PATH}:/home/ros_user/ros2_ws/install/sensordatareader:/home/ros_user/ros2_ws/install/ros2_course:/home/ros_user/ros2_ws/install/my_teleop:/home/ros_user/doosan2_ws/install/dsr_example2_py:/opt/ros/foxy /usr/bin/cmake --install /home/ros_user/ros2_ws/src/build/my_launch
