[0.125s] DEBUG:colcon:Command line arguments: ['/usr/bin/colcon', 'build', '--packages-select', 'my_launch']
[0.125s] DEBUG:colcon:Parsed command line arguments: Namespace(allow_overriding=[], ament_cmake_args=None, base_paths=['.'], build_base='build', catkin_cmake_args=None, catkin_skip_building_tests=False, cmake_args=None, cmake_clean_cache=False, cmake_clean_first=False, cmake_force_configure=False, cmake_target=None, cmake_target_skip_unavailable=False, continue_on_error=False, event_handlers=None, executor='parallel', ignore_user_meta=False, install_base='install', log_base=None, log_level=None, main=<bound method BuildVerb.main of <colcon_core.verb.build.BuildVerb object at 0x7fca74ae17f0>>, merge_install=False, metas=['./colcon.meta'], packages_above=None, packages_above_and_dependencies=None, packages_above_depth=None, packages_end=None, packages_ignore=None, packages_ignore_regex=None, packages_select=['my_launch'], packages_select_build_failed=False, packages_select_by_dep=None, packages_select_regex=None, packages_select_test_failures=False, packages_skip=None, packages_skip_build_finished=False, packages_skip_by_dep=None, packages_skip_regex=None, packages_skip_test_passed=False, packages_skip_up_to=None, packages_start=None, packages_up_to=None, packages_up_to_regex=None, parallel_workers=4, paths=None, symlink_install=False, test_result_base=None, verb_extension=<colcon_core.verb.build.BuildVerb object at 0x7fca74ae17f0>, verb_name='build', verb_parser=<colcon_defaults.argument_parser.defaults.DefaultArgumentsDecorator object at 0x7fca74aec4f0>)
[0.136s] Level 1:colcon.colcon_core.package_discovery:discover_packages(colcon_meta) check parameters
[0.136s] Level 1:colcon.colcon_core.package_discovery:discover_packages(recursive) check parameters
[0.136s] Level 1:colcon.colcon_core.package_discovery:discover_packages(ignore) check parameters
[0.136s] Level 1:colcon.colcon_core.package_discovery:discover_packages(path) check parameters
[0.136s] Level 1:colcon.colcon_core.package_discovery:discover_packages(colcon_meta) discover
[0.136s] Level 1:colcon.colcon_core.package_discovery:discover_packages(recursive) discover
[0.136s] INFO:colcon.colcon_core.package_discovery:Crawling recursively for packages in '/home/ros_user/ros2_ws/src'
[0.136s] Level 1:colcon.colcon_core.package_identification:_identify(.) by extensions ['ignore', 'ignore_ament_install']
[0.136s] Level 1:colcon.colcon_core.package_identification:_identify(.) by extension 'ignore'
[0.136s] Level 1:colcon.colcon_core.package_identification:_identify(.) by extension 'ignore_ament_install'
[0.136s] Level 1:colcon.colcon_core.package_identification:_identify(.) by extensions ['colcon_pkg']
[0.136s] Level 1:colcon.colcon_core.package_identification:_identify(.) by extension 'colcon_pkg'
[0.136s] Level 1:colcon.colcon_core.package_identification:_identify(.) by extensions ['colcon_meta']
[0.136s] Level 1:colcon.colcon_core.package_identification:_identify(.) by extension 'colcon_meta'
[0.136s] Level 1:colcon.colcon_core.package_identification:_identify(.) by extensions ['ros']
[0.136s] Level 1:colcon.colcon_core.package_identification:_identify(.) by extension 'ros'
[0.144s] Level 1:colcon.colcon_core.package_identification:_identify(.) by extensions ['cmake', 'python']
[0.144s] Level 1:colcon.colcon_core.package_identification:_identify(.) by extension 'cmake'
[0.144s] Level 1:colcon.colcon_core.package_identification:_identify(.) by extension 'python'
[0.144s] Level 1:colcon.colcon_core.package_identification:_identify(.) by extensions ['python_setup_py']
[0.144s] Level 1:colcon.colcon_core.package_identification:_identify(.) by extension 'python_setup_py'
[0.144s] Level 1:colcon.colcon_core.package_identification:_identify(build) by extensions ['ignore', 'ignore_ament_install']
[0.144s] Level 1:colcon.colcon_core.package_identification:_identify(build) by extension 'ignore'
[0.144s] Level 1:colcon.colcon_core.package_identification:_identify(build) ignored
[0.144s] Level 1:colcon.colcon_core.package_identification:_identify(install) by extensions ['ignore', 'ignore_ament_install']
[0.144s] Level 1:colcon.colcon_core.package_identification:_identify(install) by extension 'ignore'
[0.144s] Level 1:colcon.colcon_core.package_identification:_identify(install) ignored
[0.144s] Level 1:colcon.colcon_core.package_identification:_identify(log) by extensions ['ignore', 'ignore_ament_install']
[0.144s] Level 1:colcon.colcon_core.package_identification:_identify(log) by extension 'ignore'
[0.144s] Level 1:colcon.colcon_core.package_identification:_identify(log) ignored
[0.144s] Level 1:colcon.colcon_core.package_identification:_identify(my_launch) by extensions ['ignore', 'ignore_ament_install']
[0.145s] Level 1:colcon.colcon_core.package_identification:_identify(my_launch) by extension 'ignore'
[0.145s] Level 1:colcon.colcon_core.package_identification:_identify(my_launch) by extension 'ignore_ament_install'
[0.145s] Level 1:colcon.colcon_core.package_identification:_identify(my_launch) by extensions ['colcon_pkg']
[0.145s] Level 1:colcon.colcon_core.package_identification:_identify(my_launch) by extension 'colcon_pkg'
[0.145s] Level 1:colcon.colcon_core.package_identification:_identify(my_launch) by extensions ['colcon_meta']
[0.145s] Level 1:colcon.colcon_core.package_identification:_identify(my_launch) by extension 'colcon_meta'
[0.145s] Level 1:colcon.colcon_core.package_identification:_identify(my_launch) by extensions ['ros']
[0.145s] Level 1:colcon.colcon_core.package_identification:_identify(my_launch) by extension 'ros'
[0.146s] DEBUG:colcon.colcon_core.package_identification:Package 'my_launch' with type 'ros.ament_cmake' and name 'my_launch'
[0.146s] Level 1:colcon.colcon_core.package_identification:_identify(my_teleop) by extensions ['ignore', 'ignore_ament_install']
[0.146s] Level 1:colcon.colcon_core.package_identification:_identify(my_teleop) by extension 'ignore'
[0.146s] Level 1:colcon.colcon_core.package_identification:_identify(my_teleop) by extension 'ignore_ament_install'
[0.146s] Level 1:colcon.colcon_core.package_identification:_identify(my_teleop) by extensions ['colcon_pkg']
[0.146s] Level 1:colcon.colcon_core.package_identification:_identify(my_teleop) by extension 'colcon_pkg'
[0.146s] Level 1:colcon.colcon_core.package_identification:_identify(my_teleop) by extensions ['colcon_meta']
[0.146s] Level 1:colcon.colcon_core.package_identification:_identify(my_teleop) by extension 'colcon_meta'
[0.146s] Level 1:colcon.colcon_core.package_identification:_identify(my_teleop) by extensions ['ros']
[0.146s] Level 1:colcon.colcon_core.package_identification:_identify(my_teleop) by extension 'ros'
[0.146s] DEBUG:colcon.colcon_core.package_identification:Package 'my_teleop' with type 'ros.ament_python' and name 'my_teleop'
[0.146s] Level 1:colcon.colcon_core.package_identification:_identify(ros2_course) by extensions ['ignore', 'ignore_ament_install']
[0.146s] Level 1:colcon.colcon_core.package_identification:_identify(ros2_course) by extension 'ignore'
[0.146s] Level 1:colcon.colcon_core.package_identification:_identify(ros2_course) by extension 'ignore_ament_install'
[0.146s] Level 1:colcon.colcon_core.package_identification:_identify(ros2_course) by extensions ['colcon_pkg']
[0.146s] Level 1:colcon.colcon_core.package_identification:_identify(ros2_course) by extension 'colcon_pkg'
[0.146s] Level 1:colcon.colcon_core.package_identification:_identify(ros2_course) by extensions ['colcon_meta']
[0.146s] Level 1:colcon.colcon_core.package_identification:_identify(ros2_course) by extension 'colcon_meta'
[0.146s] Level 1:colcon.colcon_core.package_identification:_identify(ros2_course) by extensions ['ros']
[0.146s] Level 1:colcon.colcon_core.package_identification:_identify(ros2_course) by extension 'ros'
[0.146s] DEBUG:colcon.colcon_core.package_identification:Package 'ros2_course' with type 'ros.ament_python' and name 'ros2_course'
[0.147s] Level 1:colcon.colcon_core.package_identification:_identify(sensordatareader) by extensions ['ignore', 'ignore_ament_install']
[0.147s] Level 1:colcon.colcon_core.package_identification:_identify(sensordatareader) by extension 'ignore'
[0.147s] Level 1:colcon.colcon_core.package_identification:_identify(sensordatareader) by extension 'ignore_ament_install'
[0.147s] Level 1:colcon.colcon_core.package_identification:_identify(sensordatareader) by extensions ['colcon_pkg']
[0.147s] Level 1:colcon.colcon_core.package_identification:_identify(sensordatareader) by extension 'colcon_pkg'
[0.147s] Level 1:colcon.colcon_core.package_identification:_identify(sensordatareader) by extensions ['colcon_meta']
[0.147s] Level 1:colcon.colcon_core.package_identification:_identify(sensordatareader) by extension 'colcon_meta'
[0.147s] Level 1:colcon.colcon_core.package_identification:_identify(sensordatareader) by extensions ['ros']
[0.147s] Level 1:colcon.colcon_core.package_identification:_identify(sensordatareader) by extension 'ros'
[0.147s] DEBUG:colcon.colcon_core.package_identification:Package 'sensordatareader' with type 'ros.ament_python' and name 'sensordatareader'
[0.147s] Level 1:colcon.colcon_core.package_discovery:discover_packages(recursive) using defaults
[0.147s] Level 1:colcon.colcon_core.package_discovery:discover_packages(ignore) discover
[0.147s] Level 1:colcon.colcon_core.package_discovery:discover_packages(ignore) using defaults
[0.147s] Level 1:colcon.colcon_core.package_discovery:discover_packages(path) discover
[0.147s] Level 1:colcon.colcon_core.package_discovery:discover_packages(path) using defaults
[0.156s] INFO:colcon.colcon_core.package_selection:Skipping not selected package 'my_teleop' in 'my_teleop'
[0.156s] INFO:colcon.colcon_core.package_selection:Skipping not selected package 'ros2_course' in 'ros2_course'
[0.156s] INFO:colcon.colcon_core.package_selection:Skipping not selected package 'sensordatareader' in 'sensordatareader'
[0.156s] Level 1:colcon.colcon_core.package_discovery:discover_packages(prefix_path) check parameters
[0.156s] Level 1:colcon.colcon_core.package_discovery:discover_packages(prefix_path) discover
[0.157s] DEBUG:colcon.colcon_installed_package_information.package_discovery:Found 4 installed packages in /home/ros_user/ros2_ws/install
[0.158s] DEBUG:colcon.colcon_installed_package_information.package_discovery:Found 26 installed packages in /home/ros_user/doosan2_ws/install
[0.159s] DEBUG:colcon.colcon_installed_package_information.package_discovery:Found 366 installed packages in /opt/ros/foxy
[0.160s] Level 1:colcon.colcon_core.package_discovery:discover_packages(prefix_path) using defaults
[0.189s] Level 5:colcon.colcon_core.verb:set package 'my_launch' build argument 'cmake_args' from command line to 'None'
[0.189s] Level 5:colcon.colcon_core.verb:set package 'my_launch' build argument 'cmake_target' from command line to 'None'
[0.189s] Level 5:colcon.colcon_core.verb:set package 'my_launch' build argument 'cmake_target_skip_unavailable' from command line to 'False'
[0.189s] Level 5:colcon.colcon_core.verb:set package 'my_launch' build argument 'cmake_clean_cache' from command line to 'False'
[0.189s] Level 5:colcon.colcon_core.verb:set package 'my_launch' build argument 'cmake_clean_first' from command line to 'False'
[0.189s] Level 5:colcon.colcon_core.verb:set package 'my_launch' build argument 'cmake_force_configure' from command line to 'False'
[0.189s] Level 5:colcon.colcon_core.verb:set package 'my_launch' build argument 'ament_cmake_args' from command line to 'None'
[0.189s] Level 5:colcon.colcon_core.verb:set package 'my_launch' build argument 'catkin_cmake_args' from command line to 'None'
[0.189s] Level 5:colcon.colcon_core.verb:set package 'my_launch' build argument 'catkin_skip_building_tests' from command line to 'False'
[0.189s] DEBUG:colcon.colcon_core.verb:Building package 'my_launch' with the following arguments: {'ament_cmake_args': None, 'build_base': '/home/ros_user/ros2_ws/src/build/my_launch', 'catkin_cmake_args': None, 'catkin_skip_building_tests': False, 'cmake_args': None, 'cmake_clean_cache': False, 'cmake_clean_first': False, 'cmake_force_configure': False, 'cmake_target': None, 'cmake_target_skip_unavailable': False, 'install_base': '/home/ros_user/ros2_ws/src/install/my_launch', 'merge_install': False, 'path': '/home/ros_user/ros2_ws/src/my_launch', 'symlink_install': False, 'test_result_base': None}
[0.189s] INFO:colcon.colcon_core.executor:Executing jobs using 'parallel' executor
[0.190s] DEBUG:colcon.colcon_parallel_executor.executor.parallel:run_until_complete
[0.191s] INFO:colcon.colcon_ros.task.ament_cmake.build:Building ROS package in '/home/ros_user/ros2_ws/src/my_launch' with build type 'ament_cmake'
[0.191s] INFO:colcon.colcon_cmake.task.cmake.build:Building CMake package in '/home/ros_user/ros2_ws/src/my_launch'
[0.193s] INFO:colcon.colcon_core.plugin_system:Skipping extension 'colcon_core.shell.bat': Not used on non-Windows systems
[0.193s] INFO:colcon.colcon_core.shell:Skip shell extension 'powershell' for command environment: Not usable outside of PowerShell
[0.193s] DEBUG:colcon.colcon_core.shell:Skip shell extension 'dsv' for command environment
[0.199s] DEBUG:colcon.colcon_core.event_handler.log_command:Invoking command in '/home/ros_user/ros2_ws/src/build/my_launch': CMAKE_PREFIX_PATH=${CMAKE_PREFIX_PATH}:/home/ros_user/ros2_ws/install/sensordatareader:/home/ros_user/ros2_ws/install/ros2_course:/home/ros_user/ros2_ws/install/my_teleop:/home/ros_user/doosan2_ws/install/dsr_example2_py:/opt/ros/foxy /usr/bin/cmake /home/ros_user/ros2_ws/src/my_launch -DCMAKE_INSTALL_PREFIX=/home/ros_user/ros2_ws/src/install/my_launch
[0.676s] DEBUG:colcon.colcon_core.event_handler.log_command:Invoked command in '/home/ros_user/ros2_ws/src/build/my_launch' returned '0': CMAKE_PREFIX_PATH=${CMAKE_PREFIX_PATH}:/home/ros_user/ros2_ws/install/sensordatareader:/home/ros_user/ros2_ws/install/ros2_course:/home/ros_user/ros2_ws/install/my_teleop:/home/ros_user/doosan2_ws/install/dsr_example2_py:/opt/ros/foxy /usr/bin/cmake /home/ros_user/ros2_ws/src/my_launch -DCMAKE_INSTALL_PREFIX=/home/ros_user/ros2_ws/src/install/my_launch
[0.676s] DEBUG:colcon.colcon_core.event_handler.log_command:Invoking command in '/home/ros_user/ros2_ws/src/build/my_launch': CMAKE_PREFIX_PATH=${CMAKE_PREFIX_PATH}:/home/ros_user/ros2_ws/install/sensordatareader:/home/ros_user/ros2_ws/install/ros2_course:/home/ros_user/ros2_ws/install/my_teleop:/home/ros_user/doosan2_ws/install/dsr_example2_py:/opt/ros/foxy /usr/bin/cmake --build /home/ros_user/ros2_ws/src/build/my_launch -- -j4 -l4
[0.695s] DEBUG:colcon.colcon_core.event_handler.log_command:Invoked command in '/home/ros_user/ros2_ws/src/build/my_launch' returned '0': CMAKE_PREFIX_PATH=${CMAKE_PREFIX_PATH}:/home/ros_user/ros2_ws/install/sensordatareader:/home/ros_user/ros2_ws/install/ros2_course:/home/ros_user/ros2_ws/install/my_teleop:/home/ros_user/doosan2_ws/install/dsr_example2_py:/opt/ros/foxy /usr/bin/cmake --build /home/ros_user/ros2_ws/src/build/my_launch -- -j4 -l4
[0.710s] DEBUG:colcon.colcon_core.event_handler.log_command:Invoking command in '/home/ros_user/ros2_ws/src/build/my_launch': CMAKE_PREFIX_PATH=${CMAKE_PREFIX_PATH}:/home/ros_user/ros2_ws/install/sensordatareader:/home/ros_user/ros2_ws/install/ros2_course:/home/ros_user/ros2_ws/install/my_teleop:/home/ros_user/doosan2_ws/install/dsr_example2_py:/opt/ros/foxy /usr/bin/cmake --install /home/ros_user/ros2_ws/src/build/my_launch
[0.715s] Level 1:colcon.colcon_core.environment:create_environment_scripts_only(my_launch)
[0.716s] DEBUG:colcon.colcon_core.event_handler.log_command:Invoked command in '/home/ros_user/ros2_ws/src/build/my_launch' returned '0': CMAKE_PREFIX_PATH=${CMAKE_PREFIX_PATH}:/home/ros_user/ros2_ws/install/sensordatareader:/home/ros_user/ros2_ws/install/ros2_course:/home/ros_user/ros2_ws/install/my_teleop:/home/ros_user/doosan2_ws/install/dsr_example2_py:/opt/ros/foxy /usr/bin/cmake --install /home/ros_user/ros2_ws/src/build/my_launch
[0.717s] Level 1:colcon.colcon_core.environment:checking '/home/ros_user/ros2_ws/src/install/my_launch' for CMake module files
[0.718s] Level 1:colcon.colcon_core.environment:checking '/home/ros_user/ros2_ws/src/install/my_launch' for CMake config files
[0.718s] Level 1:colcon.colcon_core.shell:create_environment_hook('my_launch', 'cmake_prefix_path')
[0.718s] INFO:colcon.colcon_core.shell:Creating environment hook '/home/ros_user/ros2_ws/src/install/my_launch/share/my_launch/hook/cmake_prefix_path.ps1'
[0.719s] INFO:colcon.colcon_core.shell:Creating environment descriptor '/home/ros_user/ros2_ws/src/install/my_launch/share/my_launch/hook/cmake_prefix_path.dsv'
[0.719s] INFO:colcon.colcon_core.shell:Creating environment hook '/home/ros_user/ros2_ws/src/install/my_launch/share/my_launch/hook/cmake_prefix_path.sh'
[0.720s] Level 1:colcon.colcon_core.environment:checking '/home/ros_user/ros2_ws/src/install/my_launch/bin'
[0.720s] Level 1:colcon.colcon_core.environment:checking '/home/ros_user/ros2_ws/src/install/my_launch/lib/pkgconfig/my_launch.pc'
[0.720s] Level 1:colcon.colcon_core.environment:checking '/home/ros_user/ros2_ws/src/install/my_launch/lib/python3.8/site-packages'
[0.720s] Level 1:colcon.colcon_core.environment:checking '/home/ros_user/ros2_ws/src/install/my_launch/bin'
[0.720s] INFO:colcon.colcon_core.shell:Creating package script '/home/ros_user/ros2_ws/src/install/my_launch/share/my_launch/package.ps1'
[0.721s] INFO:colcon.colcon_core.shell:Creating package descriptor '/home/ros_user/ros2_ws/src/install/my_launch/share/my_launch/package.dsv'
[0.721s] INFO:colcon.colcon_core.shell:Creating package script '/home/ros_user/ros2_ws/src/install/my_launch/share/my_launch/package.sh'
[0.721s] INFO:colcon.colcon_core.shell:Creating package script '/home/ros_user/ros2_ws/src/install/my_launch/share/my_launch/package.bash'
[0.721s] INFO:colcon.colcon_core.shell:Creating package script '/home/ros_user/ros2_ws/src/install/my_launch/share/my_launch/package.zsh'
[0.722s] Level 1:colcon.colcon_core.environment:create_file_with_runtime_dependencies(/home/ros_user/ros2_ws/src/install/my_launch/share/colcon-core/packages/my_launch)
[0.732s] Level 1:colcon.colcon_core.environment:create_environment_scripts_only(my_launch)
[0.734s] Level 1:colcon.colcon_core.environment:checking '/home/ros_user/ros2_ws/src/install/my_launch' for CMake module files
[0.734s] Level 1:colcon.colcon_core.environment:checking '/home/ros_user/ros2_ws/src/install/my_launch' for CMake config files
[0.734s] Level 1:colcon.colcon_core.shell:create_environment_hook('my_launch', 'cmake_prefix_path')
[0.735s] INFO:colcon.colcon_core.shell:Creating environment hook '/home/ros_user/ros2_ws/src/install/my_launch/share/my_launch/hook/cmake_prefix_path.ps1'
[0.735s] INFO:colcon.colcon_core.shell:Creating environment descriptor '/home/ros_user/ros2_ws/src/install/my_launch/share/my_launch/hook/cmake_prefix_path.dsv'
[0.735s] INFO:colcon.colcon_core.shell:Creating environment hook '/home/ros_user/ros2_ws/src/install/my_launch/share/my_launch/hook/cmake_prefix_path.sh'
[0.735s] Level 1:colcon.colcon_core.environment:checking '/home/ros_user/ros2_ws/src/install/my_launch/bin'
[0.735s] Level 1:colcon.colcon_core.environment:checking '/home/ros_user/ros2_ws/src/install/my_launch/lib/pkgconfig/my_launch.pc'
[0.735s] Level 1:colcon.colcon_core.environment:checking '/home/ros_user/ros2_ws/src/install/my_launch/lib/python3.8/site-packages'
[0.735s] Level 1:colcon.colcon_core.environment:checking '/home/ros_user/ros2_ws/src/install/my_launch/bin'
[0.736s] INFO:colcon.colcon_core.shell:Creating package script '/home/ros_user/ros2_ws/src/install/my_launch/share/my_launch/package.ps1'
[0.736s] INFO:colcon.colcon_core.shell:Creating package descriptor '/home/ros_user/ros2_ws/src/install/my_launch/share/my_launch/package.dsv'
[0.736s] INFO:colcon.colcon_core.shell:Creating package script '/home/ros_user/ros2_ws/src/install/my_launch/share/my_launch/package.sh'
[0.737s] INFO:colcon.colcon_core.shell:Creating package script '/home/ros_user/ros2_ws/src/install/my_launch/share/my_launch/package.bash'
[0.737s] INFO:colcon.colcon_core.shell:Creating package script '/home/ros_user/ros2_ws/src/install/my_launch/share/my_launch/package.zsh'
[0.737s] Level 1:colcon.colcon_core.environment:create_file_with_runtime_dependencies(/home/ros_user/ros2_ws/src/install/my_launch/share/colcon-core/packages/my_launch)
[0.737s] DEBUG:colcon.colcon_parallel_executor.executor.parallel:closing loop
[0.737s] DEBUG:colcon.colcon_parallel_executor.executor.parallel:loop closed
[0.737s] DEBUG:colcon.colcon_parallel_executor.executor.parallel:run_until_complete finished with '0'
[0.737s] DEBUG:colcon.colcon_core.event_reactor:joining thread
[0.740s] INFO:colcon.colcon_core.plugin_system:Skipping extension 'colcon_notification.desktop_notification.terminal_notifier': Not used on non-Darwin systems
[0.740s] INFO:colcon.colcon_core.plugin_system:Skipping extension 'colcon_notification.desktop_notification.win32': Not used on non-Windows systems
[0.740s] INFO:colcon.colcon_notification.desktop_notification:Sending desktop notification using 'notify2'
[0.746s] DEBUG:colcon.colcon_core.event_reactor:joined thread
[0.746s] INFO:colcon.colcon_core.shell:Creating prefix script '/home/ros_user/ros2_ws/src/install/local_setup.ps1'
[0.747s] INFO:colcon.colcon_core.shell:Creating prefix util module '/home/ros_user/ros2_ws/src/install/_local_setup_util_ps1.py'
[0.748s] INFO:colcon.colcon_core.shell:Creating prefix chain script '/home/ros_user/ros2_ws/src/install/setup.ps1'
[0.748s] INFO:colcon.colcon_core.shell:Creating prefix script '/home/ros_user/ros2_ws/src/install/local_setup.sh'
[0.749s] INFO:colcon.colcon_core.shell:Creating prefix util module '/home/ros_user/ros2_ws/src/install/_local_setup_util_sh.py'
[0.749s] INFO:colcon.colcon_core.shell:Creating prefix chain script '/home/ros_user/ros2_ws/src/install/setup.sh'
[0.750s] INFO:colcon.colcon_core.shell:Creating prefix script '/home/ros_user/ros2_ws/src/install/local_setup.bash'
[0.750s] INFO:colcon.colcon_core.shell:Creating prefix chain script '/home/ros_user/ros2_ws/src/install/setup.bash'
[0.751s] INFO:colcon.colcon_core.shell:Creating prefix script '/home/ros_user/ros2_ws/src/install/local_setup.zsh'
[0.751s] INFO:colcon.colcon_core.shell:Creating prefix chain script '/home/ros_user/ros2_ws/src/install/setup.zsh'
